<?xml version="1.0" encoding="UTF-8"?>
<!-- Generated by org.testng.reporters.JUnitReportReporter -->
<testsuite skipped="0" hostname="RSI1532" name="br.com.rsinet.hub_tdd.automationRun.Search_TC" tests="4" failures="0" timestamp="27 jan 2020 13:22:27 GMT" time="14.007" errors="0">
  <testcase name="clickSearch" time="5.439" classname="br.com.rsinet.hub_tdd.automationRun.Search_TC"/>
  <testcase name="clickSearchInvalid" time="3.475" classname="br.com.rsinet.hub_tdd.automationRun.Search_TC"/>
  <testcase name="txtSearch" time="3.129" classname="br.com.rsinet.hub_tdd.automationRun.Search_TC"/>
  <testcase name="invalidTxtSearch" time="1.964" classname="br.com.rsinet.hub_tdd.automationRun.Search_TC"/>
</testsuite> <!-- br.com.rsinet.hub_tdd.automationRun.Search_TC -->
