<?xml version="1.0" encoding="UTF-8"?>
<!-- Generated by org.testng.reporters.JUnitReportReporter -->
<testsuite skipped="0" hostname="RSI1532" name="br.com.rsinet.hub_tdd.automationRun.Search_TC" tests="4" failures="0" timestamp="27 jan 2020 18:47:53 GMT" time="15.158" errors="0">
  <testcase name="clickSearch" time="5.665" classname="br.com.rsinet.hub_tdd.automationRun.Search_TC"/>
  <testcase name="clickSearchInvalid" time="3.716" classname="br.com.rsinet.hub_tdd.automationRun.Search_TC"/>
  <testcase name="txtSearch" time="3.516" classname="br.com.rsinet.hub_tdd.automationRun.Search_TC"/>
  <testcase name="invalidTxtSearch" time="2.261" classname="br.com.rsinet.hub_tdd.automationRun.Search_TC"/>
</testsuite> <!-- br.com.rsinet.hub_tdd.automationRun.Search_TC -->
