<?xml version="1.0" encoding="UTF-8"?>
<!-- Generated by org.testng.reporters.JUnitReportReporter -->
<testsuite skipped="0" hostname="RSI1532" name="br.com.rsinet.hub_tdd.automationRun.Register_TC" tests="2" failures="0" timestamp="27 jan 2020 13:22:58 GMT" time="14.059" errors="0">
  <testcase name="validRegister" time="8.469" classname="br.com.rsinet.hub_tdd.automationRun.Register_TC"/>
  <testcase name="invalidRegister" time="5.590" classname="br.com.rsinet.hub_tdd.automationRun.Register_TC"/>
</testsuite> <!-- br.com.rsinet.hub_tdd.automationRun.Register_TC -->
