<?xml version="1.0" encoding="UTF-8"?>
<!-- Generated by org.testng.reporters.JUnitReportReporter -->
<testsuite skipped="0" hostname="RSI1532" name="br.com.rsinet.hub_tdd.automationRun.Search_TC" tests="2" failures="0" timestamp="14 jan 2020 18:47:51 GMT" time="7.329" errors="0">
  <testcase name="txtSearch" time="3.798" classname="br.com.rsinet.hub_tdd.automationRun.Search_TC"/>
  <testcase name="invalidTxtSearch" time="3.531" classname="br.com.rsinet.hub_tdd.automationRun.Search_TC"/>
</testsuite> <!-- br.com.rsinet.hub_tdd.automationRun.Search_TC -->
