<?xml version="1.0" encoding="UTF-8"?>
<!-- Generated by org.testng.reporters.JUnitReportReporter -->
<testsuite skipped="0" hostname="RSI1532" name="br.com.rsinet.hub_tdd.automationRun.Search_TC" tests="3" failures="0" timestamp="15 jan 2020 13:57:18 GMT" time="12.954" errors="0">
  <testcase name="clickSearch" time="5.758" classname="br.com.rsinet.hub_tdd.automationRun.Search_TC"/>
  <testcase name="txtSearch" time="4.257" classname="br.com.rsinet.hub_tdd.automationRun.Search_TC"/>
  <testcase name="invalidTxtSearch" time="2.939" classname="br.com.rsinet.hub_tdd.automationRun.Search_TC"/>
</testsuite> <!-- br.com.rsinet.hub_tdd.automationRun.Search_TC -->
