<?xml version="1.0" encoding="UTF-8"?>
<!-- Generated by org.testng.reporters.JUnitReportReporter -->
<testsuite skipped="0" hostname="RSI1532" name="br.com.rsinet.hub_tdd.automationRun.Search_TC" tests="2" failures="0" timestamp="15 jan 2020 14:33:38 GMT" time="10.037" errors="0">
  <testcase name="clickSearch" time="6.022" classname="br.com.rsinet.hub_tdd.automationRun.Search_TC"/>
  <testcase name="txtSearch" time="4.015" classname="br.com.rsinet.hub_tdd.automationRun.Search_TC"/>
</testsuite> <!-- br.com.rsinet.hub_tdd.automationRun.Search_TC -->
