<?xml version="1.0" encoding="UTF-8"?>
<!-- Generated by org.testng.reporters.JUnitReportReporter -->
<testsuite skipped="0" hostname="RSI1532" name="br.com.rsinet.hub_tdd.automationRun.Register_TC" tests="2" failures="0" timestamp="16 jan 2020 12:37:59 GMT" time="11.924" errors="0">
  <testcase name="validRegister" time="7.234" classname="br.com.rsinet.hub_tdd.automationRun.Register_TC"/>
  <testcase name="invalidRegister" time="4.690" classname="br.com.rsinet.hub_tdd.automationRun.Register_TC"/>
</testsuite> <!-- br.com.rsinet.hub_tdd.automationRun.Register_TC -->
