<?xml version="1.0" encoding="UTF-8"?>
<!-- Generated by org.testng.reporters.JUnitReportReporter -->
<testsuite skipped="0" hostname="RSI1532" name="br.com.rsinet.hub_tdd.automationRun.Search_TC" tests="4" failures="0" timestamp="17 jan 2020 13:44:15 GMT" time="14.074" errors="0">
  <testcase name="clickSearch" time="5.520" classname="br.com.rsinet.hub_tdd.automationRun.Search_TC"/>
  <testcase name="clickSearchInvalid" time="3.433" classname="br.com.rsinet.hub_tdd.automationRun.Search_TC"/>
  <testcase name="txtSearch" time="3.131" classname="br.com.rsinet.hub_tdd.automationRun.Search_TC"/>
  <testcase name="invalidTxtSearch" time="1.990" classname="br.com.rsinet.hub_tdd.automationRun.Search_TC"/>
</testsuite> <!-- br.com.rsinet.hub_tdd.automationRun.Search_TC -->
