<?xml version="1.0" encoding="UTF-8"?>
<!-- Generated by org.testng.reporters.JUnitReportReporter -->
<testsuite skipped="0" hostname="RSI1532" name="br.com.rsinet.hub_tdd.automationRun.Search_TC" tests="4" failures="0" timestamp="16 jan 2020 16:01:25 GMT" time="16.988" errors="0">
  <testcase name="clickSearch" time="7.453" classname="br.com.rsinet.hub_tdd.automationRun.Search_TC"/>
  <testcase name="clickSearchInvalid" time="3.791" classname="br.com.rsinet.hub_tdd.automationRun.Search_TC"/>
  <testcase name="txtSearch" time="3.716" classname="br.com.rsinet.hub_tdd.automationRun.Search_TC"/>
  <testcase name="invalidTxtSearch" time="2.028" classname="br.com.rsinet.hub_tdd.automationRun.Search_TC"/>
</testsuite> <!-- br.com.rsinet.hub_tdd.automationRun.Search_TC -->
